  Admin.cpp
C:\Users\Hyangee\source\repos\NailShop\NailShop\Admin.h(8,16): error C2512: 'User::User': 사용할 수 있는 적절한 기본 생성자가 없습니다.
  (소스 파일 'Admin.cpp'을(를) 컴파일하는 중)
      C:\Users\Hyangee\source\repos\NailShop\NailShop\Admin.h(8,16):
      인수 목록 '()'을(를) 일치시키는 동안
  
C:\Users\Hyangee\source\repos\NailShop\NailShop\Admin.h(10,9): error C2661: 'User::User': 오버로드된 함수에서 4개의 인수를 사용하지 않습니다.
  (소스 파일 'Admin.cpp'을(를) 컴파일하는 중)
      C:\Users\Hyangee\source\repos\NailShop\NailShop\Admin.h(10,9):
      인수 목록 '(const std::string, const std::string, const std::string, const std::string)'을(를) 일치시키는 동안
  
  Customer.cpp
C:\Users\Hyangee\source\repos\NailShop\NailShop\Customer.h(9,19): error C2512: 'User::User': 사용할 수 있는 적절한 기본 생성자가 없습니다.
  (소스 파일 'Customer.cpp'을(를) 컴파일하는 중)
      C:\Users\Hyangee\source\repos\NailShop\NailShop\Customer.h(9,19):
      인수 목록 '()'을(를) 일치시키는 동안
  
C:\Users\Hyangee\source\repos\NailShop\NailShop\Customer.h(11,9): error C2661: 'User::User': 오버로드된 함수에서 4개의 인수를 사용하지 않습니다.
  (소스 파일 'Customer.cpp'을(를) 컴파일하는 중)
      C:\Users\Hyangee\source\repos\NailShop\NailShop\Customer.h(11,9):
      인수 목록 '(const std::string, const std::string, const std::string, const std::string)'을(를) 일치시키는 동안
  
C:\Users\Hyangee\source\repos\NailShop\NailShop\Customer.cpp(6,23): error C3861: 'getName': 식별자를 찾을 수 없습니다.
C:\Users\Hyangee\source\repos\NailShop\NailShop\Customer.cpp(6,7): error C2593: 'operator <<'이(가) 모호합니다.
      C:\Program Files\Microsoft Visual Studio\2022\Community\VC\Tools\MSVC\14.43.34808\include\__msvc_ostream.hpp(480,39):
      'std::basic_ostream<char,std::char_traits<char>> &std::basic_ostream<char,std::char_traits<char>>::operator <<(std::basic_streambuf<char,std::char_traits<char>> *)'일 수 있습니다.
      C:\Program Files\Microsoft Visual Studio\2022\Community\VC\Tools\MSVC\14.43.34808\include\__msvc_ostream.hpp(448,39):
      또는       'std::basic_ostream<char,std::char_traits<char>> &std::basic_ostream<char,std::char_traits<char>>::operator <<(const void *)'
      C:\Program Files\Microsoft Visual Studio\2022\Community\VC\Tools\MSVC\14.43.34808\include\__msvc_ostream.hpp(430,39):
      또는       'std::basic_ostream<char,std::char_traits<char>> &std::basic_ostream<char,std::char_traits<char>>::operator <<(long double)'
      C:\Program Files\Microsoft Visual Studio\2022\Community\VC\Tools\MSVC\14.43.34808\include\__msvc_ostream.hpp(412,39):
      또는       'std::basic_ostream<char,std::char_traits<char>> &std::basic_ostream<char,std::char_traits<char>>::operator <<(double)'
      C:\Program Files\Microsoft Visual Studio\2022\Community\VC\Tools\MSVC\14.43.34808\include\__msvc_ostream.hpp(394,39):
      또는       'std::basic_ostream<char,std::char_traits<char>> &std::basic_ostream<char,std::char_traits<char>>::operator <<(float)'
      C:\Program Files\Microsoft Visual Studio\2022\Community\VC\Tools\MSVC\14.43.34808\include\__msvc_ostream.hpp(376,39):
      또는       'std::basic_ostream<char,std::char_traits<char>> &std::basic_ostream<char,std::char_traits<char>>::operator <<(unsigned __int64)'
      C:\Program Files\Microsoft Visual Studio\2022\Community\VC\Tools\MSVC\14.43.34808\include\__msvc_ostream.hpp(358,39):
      또는       'std::basic_ostream<char,std::char_traits<char>> &std::basic_ostream<char,std::char_traits<char>>::operator <<(__int64)'
      C:\Program Files\Microsoft Visual Studio\2022\Community\VC\Tools\MSVC\14.43.34808\include\__msvc_ostream.hpp(340,39):
      또는       'std::basic_ostream<char,std::char_traits<char>> &std::basic_ostream<char,std::char_traits<char>>::operator <<(unsigned long)'
      C:\Program Files\Microsoft Visual Studio\2022\Community\VC\Tools\MSVC\14.43.34808\include\__msvc_ostream.hpp(322,39):
      또는       'std::basic_ostream<char,std::char_traits<char>> &std::basic_ostream<char,std::char_traits<char>>::operator <<(long)'
      C:\Program Files\Microsoft Visual Studio\2022\Community\VC\Tools\MSVC\14.43.34808\include\__msvc_ostream.hpp(303,39):
      또는       'std::basic_ostream<char,std::char_traits<char>> &std::basic_ostream<char,std::char_traits<char>>::operator <<(unsigned int)'
      C:\Program Files\Microsoft Visual Studio\2022\Community\VC\Tools\MSVC\14.43.34808\include\__msvc_ostream.hpp(277,39):
      또는       'std::basic_ostream<char,std::char_traits<char>> &std::basic_ostream<char,std::char_traits<char>>::operator <<(int)'
      C:\Program Files\Microsoft Visual Studio\2022\Community\VC\Tools\MSVC\14.43.34808\include\__msvc_ostream.hpp(258,39):
      또는       'std::basic_ostream<char,std::char_traits<char>> &std::basic_ostream<char,std::char_traits<char>>::operator <<(unsigned short)'
      C:\Program Files\Microsoft Visual Studio\2022\Community\VC\Tools\MSVC\14.43.34808\include\__msvc_ostream.hpp(224,39):
      또는       'std::basic_ostream<char,std::char_traits<char>> &std::basic_ostream<char,std::char_traits<char>>::operator <<(short)'
      C:\Program Files\Microsoft Visual Studio\2022\Community\VC\Tools\MSVC\14.43.34808\include\__msvc_ostream.hpp(206,39):
      또는       'std::basic_ostream<char,std::char_traits<char>> &std::basic_ostream<char,std::char_traits<char>>::operator <<(bool)'
      C:\Program Files\Microsoft Visual Studio\2022\Community\VC\Tools\MSVC\14.43.34808\include\__msvc_ostream.hpp(200,39):
      또는       'std::basic_ostream<char,std::char_traits<char>> &std::basic_ostream<char,std::char_traits<char>>::operator <<(std::ios_base &(__cdecl *)(std::ios_base &))'
      C:\Program Files\Microsoft Visual Studio\2022\Community\VC\Tools\MSVC\14.43.34808\include\__msvc_ostream.hpp(194,39):
      또는       'std::basic_ostream<char,std::char_traits<char>> &std::basic_ostream<char,std::char_traits<char>>::operator <<(std::basic_ios<char,std::char_traits<char>> &(__cdecl *)(std::basic_ios<char,std::char_traits<char>> &))'
      C:\Program Files\Microsoft Visual Studio\2022\Community\VC\Tools\MSVC\14.43.34808\include\__msvc_ostream.hpp(189,39):
      또는       'std::basic_ostream<char,std::char_traits<char>> &std::basic_ostream<char,std::char_traits<char>>::operator <<(std::basic_ostream<char,std::char_traits<char>> &(__cdecl *)(std::basic_ostream<char,std::char_traits<char>> &))'
      C:\Program Files\Microsoft Visual Studio\2022\Community\VC\Tools\MSVC\14.43.34808\include\__msvc_ostream.hpp(1031,32):
      또는       'std::basic_ostream<char,std::char_traits<char>> &std::operator <<<char,std::char_traits<char>>(std::basic_ostream<char,std::char_traits<char>> &,const std::error_code &)'
      C:\Program Files\Microsoft Visual Studio\2022\Community\VC\Tools\MSVC\14.43.34808\include\__msvc_ostream.hpp(947,31):
      또는       'std::basic_ostream<char,std::char_traits<char>> &std::operator <<<std::char_traits<char>>(std::basic_ostream<char,std::char_traits<char>> &,unsigned char)'
      C:\Program Files\Microsoft Visual Studio\2022\Community\VC\Tools\MSVC\14.43.34808\include\__msvc_ostream.hpp(941,31):
      또는       'std::basic_ostream<char,std::char_traits<char>> &std::operator <<<std::char_traits<char>>(std::basic_ostream<char,std::char_traits<char>> &,const unsigned char *)'
      C:\Program Files\Microsoft Visual Studio\2022\Community\VC\Tools\MSVC\14.43.34808\include\__msvc_ostream.hpp(936,31):
      또는       'std::basic_ostream<char,std::char_traits<char>> &std::operator <<<std::char_traits<char>>(std::basic_ostream<char,std::char_traits<char>> &,signed char)'
      C:\Program Files\Microsoft Visual Studio\2022\Community\VC\Tools\MSVC\14.43.34808\include\__msvc_ostream.hpp(930,31):
      또는       'std::basic_ostream<char,std::char_traits<char>> &std::operator <<<std::char_traits<char>>(std::basic_ostream<char,std::char_traits<char>> &,const signed char *)'
      C:\Program Files\Microsoft Visual Studio\2022\Community\VC\Tools\MSVC\14.43.34808\include\__msvc_ostream.hpp(813,31):
      또는       'std::basic_ostream<char,std::char_traits<char>> &std::operator <<<std::char_traits<char>>(std::basic_ostream<char,std::char_traits<char>> &,char)'
      C:\Program Files\Microsoft Visual Studio\2022\Community\VC\Tools\MSVC\14.43.34808\include\__msvc_ostream.hpp(768,31):
      또는       'std::basic_ostream<char,std::char_traits<char>> &std::operator <<<std::char_traits<char>>(std::basic_ostream<char,std::char_traits<char>> &,const char *)'
      C:\Program Files\Microsoft Visual Studio\2022\Community\VC\Tools\MSVC\14.43.34808\include\__msvc_ostream.hpp(732,32):
      또는       'std::basic_ostream<char,std::char_traits<char>> &std::operator <<<char,std::char_traits<char>>(std::basic_ostream<char,std::char_traits<char>> &,char)'
      C:\Program Files\Microsoft Visual Studio\2022\Community\VC\Tools\MSVC\14.43.34808\include\__msvc_ostream.hpp(688,32):
      또는       'std::basic_ostream<char,std::char_traits<char>> &std::operator <<<char,std::char_traits<char>>(std::basic_ostream<char,std::char_traits<char>> &,const char *)'
      C:\Users\Hyangee\source\repos\NailShop\NailShop\Customer.cpp(6,7):
      인수 목록 '(std::basic_ostream<char,std::char_traits<char>>, unknown-type)'을(를) 일치시키는 동안
  
C:\Users\Hyangee\source\repos\NailShop\NailShop\Customer.cpp(10,23): error C3861: 'getName': 식별자를 찾을 수 없습니다.
C:\Users\Hyangee\source\repos\NailShop\NailShop\Customer.cpp(10,7): error C2593: 'operator <<'이(가) 모호합니다.
      C:\Program Files\Microsoft Visual Studio\2022\Community\VC\Tools\MSVC\14.43.34808\include\__msvc_ostream.hpp(480,39):
      'std::basic_ostream<char,std::char_traits<char>> &std::basic_ostream<char,std::char_traits<char>>::operator <<(std::basic_streambuf<char,std::char_traits<char>> *)'일 수 있습니다.
      C:\Program Files\Microsoft Visual Studio\2022\Community\VC\Tools\MSVC\14.43.34808\include\__msvc_ostream.hpp(448,39):
      또는       'std::basic_ostream<char,std::char_traits<char>> &std::basic_ostream<char,std::char_traits<char>>::operator <<(const void *)'
      C:\Program Files\Microsoft Visual Studio\2022\Community\VC\Tools\MSVC\14.43.34808\include\__msvc_ostream.hpp(430,39):
      또는       'std::basic_ostream<char,std::char_traits<char>> &std::basic_ostream<char,std::char_traits<char>>::operator <<(long double)'
      C:\Program Files\Microsoft Visual Studio\2022\Community\VC\Tools\MSVC\14.43.34808\include\__msvc_ostream.hpp(412,39):
      또는       'std::basic_ostream<char,std::char_traits<char>> &std::basic_ostream<char,std::char_traits<char>>::operator <<(double)'
      C:\Program Files\Microsoft Visual Studio\2022\Community\VC\Tools\MSVC\14.43.34808\include\__msvc_ostream.hpp(394,39):
      또는       'std::basic_ostream<char,std::char_traits<char>> &std::basic_ostream<char,std::char_traits<char>>::operator <<(float)'
      C:\Program Files\Microsoft Visual Studio\2022\Community\VC\Tools\MSVC\14.43.34808\include\__msvc_ostream.hpp(376,39):
      또는       'std::basic_ostream<char,std::char_traits<char>> &std::basic_ostream<char,std::char_traits<char>>::operator <<(unsigned __int64)'
      C:\Program Files\Microsoft Visual Studio\2022\Community\VC\Tools\MSVC\14.43.34808\include\__msvc_ostream.hpp(358,39):
      또는       'std::basic_ostream<char,std::char_traits<char>> &std::basic_ostream<char,std::char_traits<char>>::operator <<(__int64)'
      C:\Program Files\Microsoft Visual Studio\2022\Community\VC\Tools\MSVC\14.43.34808\include\__msvc_ostream.hpp(340,39):
      또는       'std::basic_ostream<char,std::char_traits<char>> &std::basic_ostream<char,std::char_traits<char>>::operator <<(unsigned long)'
      C:\Program Files\Microsoft Visual Studio\2022\Community\VC\Tools\MSVC\14.43.34808\include\__msvc_ostream.hpp(322,39):
      또는       'std::basic_ostream<char,std::char_traits<char>> &std::basic_ostream<char,std::char_traits<char>>::operator <<(long)'
      C:\Program Files\Microsoft Visual Studio\2022\Community\VC\Tools\MSVC\14.43.34808\include\__msvc_ostream.hpp(303,39):
      또는       'std::basic_ostream<char,std::char_traits<char>> &std::basic_ostream<char,std::char_traits<char>>::operator <<(unsigned int)'
      C:\Program Files\Microsoft Visual Studio\2022\Community\VC\Tools\MSVC\14.43.34808\include\__msvc_ostream.hpp(277,39):
      또는       'std::basic_ostream<char,std::char_traits<char>> &std::basic_ostream<char,std::char_traits<char>>::operator <<(int)'
      C:\Program Files\Microsoft Visual Studio\2022\Community\VC\Tools\MSVC\14.43.34808\include\__msvc_ostream.hpp(258,39):
      또는       'std::basic_ostream<char,std::char_traits<char>> &std::basic_ostream<char,std::char_traits<char>>::operator <<(unsigned short)'
      C:\Program Files\Microsoft Visual Studio\2022\Community\VC\Tools\MSVC\14.43.34808\include\__msvc_ostream.hpp(224,39):
      또는       'std::basic_ostream<char,std::char_traits<char>> &std::basic_ostream<char,std::char_traits<char>>::operator <<(short)'
      C:\Program Files\Microsoft Visual Studio\2022\Community\VC\Tools\MSVC\14.43.34808\include\__msvc_ostream.hpp(206,39):
      또는       'std::basic_ostream<char,std::char_traits<char>> &std::basic_ostream<char,std::char_traits<char>>::operator <<(bool)'
      C:\Program Files\Microsoft Visual Studio\2022\Community\VC\Tools\MSVC\14.43.34808\include\__msvc_ostream.hpp(200,39):
      또는       'std::basic_ostream<char,std::char_traits<char>> &std::basic_ostream<char,std::char_traits<char>>::operator <<(std::ios_base &(__cdecl *)(std::ios_base &))'
      C:\Program Files\Microsoft Visual Studio\2022\Community\VC\Tools\MSVC\14.43.34808\include\__msvc_ostream.hpp(194,39):
      또는       'std::basic_ostream<char,std::char_traits<char>> &std::basic_ostream<char,std::char_traits<char>>::operator <<(std::basic_ios<char,std::char_traits<char>> &(__cdecl *)(std::basic_ios<char,std::char_traits<char>> &))'
      C:\Program Files\Microsoft Visual Studio\2022\Community\VC\Tools\MSVC\14.43.34808\include\__msvc_ostream.hpp(189,39):
      또는       'std::basic_ostream<char,std::char_traits<char>> &std::basic_ostream<char,std::char_traits<char>>::operator <<(std::basic_ostream<char,std::char_traits<char>> &(__cdecl *)(std::basic_ostream<char,std::char_traits<char>> &))'
      C:\Program Files\Microsoft Visual Studio\2022\Community\VC\Tools\MSVC\14.43.34808\include\__msvc_ostream.hpp(1031,32):
      또는       'std::basic_ostream<char,std::char_traits<char>> &std::operator <<<char,std::char_traits<char>>(std::basic_ostream<char,std::char_traits<char>> &,const std::error_code &)'
      C:\Program Files\Microsoft Visual Studio\2022\Community\VC\Tools\MSVC\14.43.34808\include\__msvc_ostream.hpp(947,31):
      또는       'std::basic_ostream<char,std::char_traits<char>> &std::operator <<<std::char_traits<char>>(std::basic_ostream<char,std::char_traits<char>> &,unsigned char)'
      C:\Program Files\Microsoft Visual Studio\2022\Community\VC\Tools\MSVC\14.43.34808\include\__msvc_ostream.hpp(941,31):
      또는       'std::basic_ostream<char,std::char_traits<char>> &std::operator <<<std::char_traits<char>>(std::basic_ostream<char,std::char_traits<char>> &,const unsigned char *)'
      C:\Program Files\Microsoft Visual Studio\2022\Community\VC\Tools\MSVC\14.43.34808\include\__msvc_ostream.hpp(936,31):
      또는       'std::basic_ostream<char,std::char_traits<char>> &std::operator <<<std::char_traits<char>>(std::basic_ostream<char,std::char_traits<char>> &,signed char)'
      C:\Program Files\Microsoft Visual Studio\2022\Community\VC\Tools\MSVC\14.43.34808\include\__msvc_ostream.hpp(930,31):
      또는       'std::basic_ostream<char,std::char_traits<char>> &std::operator <<<std::char_traits<char>>(std::basic_ostream<char,std::char_traits<char>> &,const signed char *)'
      C:\Program Files\Microsoft Visual Studio\2022\Community\VC\Tools\MSVC\14.43.34808\include\__msvc_ostream.hpp(813,31):
      또는       'std::basic_ostream<char,std::char_traits<char>> &std::operator <<<std::char_traits<char>>(std::basic_ostream<char,std::char_traits<char>> &,char)'
      C:\Program Files\Microsoft Visual Studio\2022\Community\VC\Tools\MSVC\14.43.34808\include\__msvc_ostream.hpp(768,31):
      또는       'std::basic_ostream<char,std::char_traits<char>> &std::operator <<<std::char_traits<char>>(std::basic_ostream<char,std::char_traits<char>> &,const char *)'
      C:\Program Files\Microsoft Visual Studio\2022\Community\VC\Tools\MSVC\14.43.34808\include\__msvc_ostream.hpp(732,32):
      또는       'std::basic_ostream<char,std::char_traits<char>> &std::operator <<<char,std::char_traits<char>>(std::basic_ostream<char,std::char_traits<char>> &,char)'
      C:\Program Files\Microsoft Visual Studio\2022\Community\VC\Tools\MSVC\14.43.34808\include\__msvc_ostream.hpp(688,32):
      또는       'std::basic_ostream<char,std::char_traits<char>> &std::operator <<<char,std::char_traits<char>>(std::basic_ostream<char,std::char_traits<char>> &,const char *)'
      C:\Users\Hyangee\source\repos\NailShop\NailShop\Customer.cpp(10,7):
      인수 목록 '(std::basic_ostream<char,std::char_traits<char>>, unknown-type)'을(를) 일치시키는 동안
  
C:\Users\Hyangee\source\repos\NailShop\NailShop\Customer.cpp(14,23): error C3861: 'getName': 식별자를 찾을 수 없습니다.
C:\Users\Hyangee\source\repos\NailShop\NailShop\Customer.cpp(14,7): error C2593: 'operator <<'이(가) 모호합니다.
      C:\Program Files\Microsoft Visual Studio\2022\Community\VC\Tools\MSVC\14.43.34808\include\__msvc_ostream.hpp(480,39):
      'std::basic_ostream<char,std::char_traits<char>> &std::basic_ostream<char,std::char_traits<char>>::operator <<(std::basic_streambuf<char,std::char_traits<char>> *)'일 수 있습니다.
      C:\Program Files\Microsoft Visual Studio\2022\Community\VC\Tools\MSVC\14.43.34808\include\__msvc_ostream.hpp(448,39):
      또는       'std::basic_ostream<char,std::char_traits<char>> &std::basic_ostream<char,std::char_traits<char>>::operator <<(const void *)'
      C:\Program Files\Microsoft Visual Studio\2022\Community\VC\Tools\MSVC\14.43.34808\include\__msvc_ostream.hpp(430,39):
      또는       'std::basic_ostream<char,std::char_traits<char>> &std::basic_ostream<char,std::char_traits<char>>::operator <<(long double)'
      C:\Program Files\Microsoft Visual Studio\2022\Community\VC\Tools\MSVC\14.43.34808\include\__msvc_ostream.hpp(412,39):
      또는       'std::basic_ostream<char,std::char_traits<char>> &std::basic_ostream<char,std::char_traits<char>>::operator <<(double)'
      C:\Program Files\Microsoft Visual Studio\2022\Community\VC\Tools\MSVC\14.43.34808\include\__msvc_ostream.hpp(394,39):
      또는       'std::basic_ostream<char,std::char_traits<char>> &std::basic_ostream<char,std::char_traits<char>>::operator <<(float)'
      C:\Program Files\Microsoft Visual Studio\2022\Community\VC\Tools\MSVC\14.43.34808\include\__msvc_ostream.hpp(376,39):
      또는       'std::basic_ostream<char,std::char_traits<char>> &std::basic_ostream<char,std::char_traits<char>>::operator <<(unsigned __int64)'
      C:\Program Files\Microsoft Visual Studio\2022\Community\VC\Tools\MSVC\14.43.34808\include\__msvc_ostream.hpp(358,39):
      또는       'std::basic_ostream<char,std::char_traits<char>> &std::basic_ostream<char,std::char_traits<char>>::operator <<(__int64)'
      C:\Program Files\Microsoft Visual Studio\2022\Community\VC\Tools\MSVC\14.43.34808\include\__msvc_ostream.hpp(340,39):
      또는       'std::basic_ostream<char,std::char_traits<char>> &std::basic_ostream<char,std::char_traits<char>>::operator <<(unsigned long)'
      C:\Program Files\Microsoft Visual Studio\2022\Community\VC\Tools\MSVC\14.43.34808\include\__msvc_ostream.hpp(322,39):
      또는       'std::basic_ostream<char,std::char_traits<char>> &std::basic_ostream<char,std::char_traits<char>>::operator <<(long)'
      C:\Program Files\Microsoft Visual Studio\2022\Community\VC\Tools\MSVC\14.43.34808\include\__msvc_ostream.hpp(303,39):
      또는       'std::basic_ostream<char,std::char_traits<char>> &std::basic_ostream<char,std::char_traits<char>>::operator <<(unsigned int)'
      C:\Program Files\Microsoft Visual Studio\2022\Community\VC\Tools\MSVC\14.43.34808\include\__msvc_ostream.hpp(277,39):
      또는       'std::basic_ostream<char,std::char_traits<char>> &std::basic_ostream<char,std::char_traits<char>>::operator <<(int)'
      C:\Program Files\Microsoft Visual Studio\2022\Community\VC\Tools\MSVC\14.43.34808\include\__msvc_ostream.hpp(258,39):
      또는       'std::basic_ostream<char,std::char_traits<char>> &std::basic_ostream<char,std::char_traits<char>>::operator <<(unsigned short)'
      C:\Program Files\Microsoft Visual Studio\2022\Community\VC\Tools\MSVC\14.43.34808\include\__msvc_ostream.hpp(224,39):
      또는       'std::basic_ostream<char,std::char_traits<char>> &std::basic_ostream<char,std::char_traits<char>>::operator <<(short)'
      C:\Program Files\Microsoft Visual Studio\2022\Community\VC\Tools\MSVC\14.43.34808\include\__msvc_ostream.hpp(206,39):
      또는       'std::basic_ostream<char,std::char_traits<char>> &std::basic_ostream<char,std::char_traits<char>>::operator <<(bool)'
      C:\Program Files\Microsoft Visual Studio\2022\Community\VC\Tools\MSVC\14.43.34808\include\__msvc_ostream.hpp(200,39):
      또는       'std::basic_ostream<char,std::char_traits<char>> &std::basic_ostream<char,std::char_traits<char>>::operator <<(std::ios_base &(__cdecl *)(std::ios_base &))'
      C:\Program Files\Microsoft Visual Studio\2022\Community\VC\Tools\MSVC\14.43.34808\include\__msvc_ostream.hpp(194,39):
      또는       'std::basic_ostream<char,std::char_traits<char>> &std::basic_ostream<char,std::char_traits<char>>::operator <<(std::basic_ios<char,std::char_traits<char>> &(__cdecl *)(std::basic_ios<char,std::char_traits<char>> &))'
      C:\Program Files\Microsoft Visual Studio\2022\Community\VC\Tools\MSVC\14.43.34808\include\__msvc_ostream.hpp(189,39):
      또는       'std::basic_ostream<char,std::char_traits<char>> &std::basic_ostream<char,std::char_traits<char>>::operator <<(std::basic_ostream<char,std::char_traits<char>> &(__cdecl *)(std::basic_ostream<char,std::char_traits<char>> &))'
      C:\Program Files\Microsoft Visual Studio\2022\Community\VC\Tools\MSVC\14.43.34808\include\__msvc_ostream.hpp(1031,32):
      또는       'std::basic_ostream<char,std::char_traits<char>> &std::operator <<<char,std::char_traits<char>>(std::basic_ostream<char,std::char_traits<char>> &,const std::error_code &)'
      C:\Program Files\Microsoft Visual Studio\2022\Community\VC\Tools\MSVC\14.43.34808\include\__msvc_ostream.hpp(947,31):
      또는       'std::basic_ostream<char,std::char_traits<char>> &std::operator <<<std::char_traits<char>>(std::basic_ostream<char,std::char_traits<char>> &,unsigned char)'
      C:\Program Files\Microsoft Visual Studio\2022\Community\VC\Tools\MSVC\14.43.34808\include\__msvc_ostream.hpp(941,31):
      또는       'std::basic_ostream<char,std::char_traits<char>> &std::operator <<<std::char_traits<char>>(std::basic_ostream<char,std::char_traits<char>> &,const unsigned char *)'
      C:\Program Files\Microsoft Visual Studio\2022\Community\VC\Tools\MSVC\14.43.34808\include\__msvc_ostream.hpp(936,31):
      또는       'std::basic_ostream<char,std::char_traits<char>> &std::operator <<<std::char_traits<char>>(std::basic_ostream<char,std::char_traits<char>> &,signed char)'
      C:\Program Files\Microsoft Visual Studio\2022\Community\VC\Tools\MSVC\14.43.34808\include\__msvc_ostream.hpp(930,31):
      또는       'std::basic_ostream<char,std::char_traits<char>> &std::operator <<<std::char_traits<char>>(std::basic_ostream<char,std::char_traits<char>> &,const signed char *)'
      C:\Program Files\Microsoft Visual Studio\2022\Community\VC\Tools\MSVC\14.43.34808\include\__msvc_ostream.hpp(813,31):
      또는       'std::basic_ostream<char,std::char_traits<char>> &std::operator <<<std::char_traits<char>>(std::basic_ostream<char,std::char_traits<char>> &,char)'
      C:\Program Files\Microsoft Visual Studio\2022\Community\VC\Tools\MSVC\14.43.34808\include\__msvc_ostream.hpp(768,31):
      또는       'std::basic_ostream<char,std::char_traits<char>> &std::operator <<<std::char_traits<char>>(std::basic_ostream<char,std::char_traits<char>> &,const char *)'
      C:\Program Files\Microsoft Visual Studio\2022\Community\VC\Tools\MSVC\14.43.34808\include\__msvc_ostream.hpp(732,32):
      또는       'std::basic_ostream<char,std::char_traits<char>> &std::operator <<<char,std::char_traits<char>>(std::basic_ostream<char,std::char_traits<char>> &,char)'
      C:\Program Files\Microsoft Visual Studio\2022\Community\VC\Tools\MSVC\14.43.34808\include\__msvc_ostream.hpp(688,32):
      또는       'std::basic_ostream<char,std::char_traits<char>> &std::operator <<<char,std::char_traits<char>>(std::basic_ostream<char,std::char_traits<char>> &,const char *)'
      C:\Users\Hyangee\source\repos\NailShop\NailShop\Customer.cpp(14,7):
      인수 목록 '(std::basic_ostream<char,std::char_traits<char>>, unknown-type)'을(를) 일치시키는 동안
  
  main.cpp
  Staff.cpp
C:\Users\Hyangee\source\repos\NailShop\NailShop\Staff.h(7,16): error C2512: 'User::User': 사용할 수 있는 적절한 기본 생성자가 없습니다.
  (소스 파일 'Staff.cpp'을(를) 컴파일하는 중)
      C:\Users\Hyangee\source\repos\NailShop\NailShop\Staff.h(7,16):
      인수 목록 '()'을(를) 일치시키는 동안
  
C:\Users\Hyangee\source\repos\NailShop\NailShop\Staff.h(9,9): error C2661: 'User::User': 오버로드된 함수에서 4개의 인수를 사용하지 않습니다.
  (소스 파일 'Staff.cpp'을(를) 컴파일하는 중)
      C:\Users\Hyangee\source\repos\NailShop\NailShop\Staff.h(9,9):
      인수 목록 '(const std::string, const std::string, const std::string, const std::string)'을(를) 일치시키는 동안
  
  SystemManger.cpp
C:\Users\Hyangee\source\repos\NailShop\NailShop\SystemManger.cpp(187,25): error C4996: 'localtime': This function or variable may be unsafe. Consider using localtime_s instead. To disable deprecation, use _CRT_SECURE_NO_WARNINGS. See online help for details.
  User.cpp
C:\Users\Hyangee\source\repos\NailShop\NailShop\User.cpp(3,14): error C2039: 'getId': 'User'의 멤버가 아닙니다.
      C:\Users\Hyangee\source\repos\NailShop\NailShop\User.h(21,7):
      'User' 선언을 참조하십시오.
  
C:\Users\Hyangee\source\repos\NailShop\NailShop\User.cpp(3,14): error C2270: 'getId': 비멤버 함수에 한정자를 사용할 수 없습니다.
C:\Users\Hyangee\source\repos\NailShop\NailShop\User.cpp(4,9): error C2065: 'id': 선언되지 않은 식별자입니다.
C:\Users\Hyangee\source\repos\NailShop\NailShop\User.cpp(6,14): error C2039: 'getName': 'User'의 멤버가 아닙니다.
      C:\Users\Hyangee\source\repos\NailShop\NailShop\User.h(21,7):
      'User' 선언을 참조하십시오.
  
C:\Users\Hyangee\source\repos\NailShop\NailShop\User.cpp(6,14): error C2270: 'getName': 비멤버 함수에 한정자를 사용할 수 없습니다.
C:\Users\Hyangee\source\repos\NailShop\NailShop\User.cpp(7,9): error C2065: 'name': 선언되지 않은 식별자입니다.
C:\Users\Hyangee\source\repos\NailShop\NailShop\User.cpp(9,14): error C2039: 'getPhone': 'User'의 멤버가 아닙니다.
      C:\Users\Hyangee\source\repos\NailShop\NailShop\User.h(21,7):
      'User' 선언을 참조하십시오.
  
C:\Users\Hyangee\source\repos\NailShop\NailShop\User.cpp(9,14): error C2270: 'getPhone': 비멤버 함수에 한정자를 사용할 수 없습니다.
C:\Users\Hyangee\source\repos\NailShop\NailShop\User.cpp(10,9): error C2065: 'phone': 선언되지 않은 식별자입니다.
C:\Users\Hyangee\source\repos\NailShop\NailShop\User.cpp(12,12): error C2039: 'checkPw': 'User'의 멤버가 아닙니다.
      C:\Users\Hyangee\source\repos\NailShop\NailShop\User.h(21,7):
      'User' 선언을 참조하십시오.
  
C:\Users\Hyangee\source\repos\NailShop\NailShop\User.cpp(12,12): error C2270: 'checkPw': 비멤버 함수에 한정자를 사용할 수 없습니다.
C:\Users\Hyangee\source\repos\NailShop\NailShop\User.cpp(13,9): error C2065: 'pw': 선언되지 않은 식별자입니다.
C:\Users\Hyangee\source\repos\NailShop\NailShop\User.cpp(15,12): error C2039: 'setPhone': 'User'의 멤버가 아닙니다.
      C:\Users\Hyangee\source\repos\NailShop\NailShop\User.h(21,7):
      'User' 선언을 참조하십시오.
  
C:\Users\Hyangee\source\repos\NailShop\NailShop\User.cpp(16,2): error C2065: 'phone': 선언되지 않은 식별자입니다.
  UserManager.cpp
  코드를 생성하고 있습니다...
